<?xml version="1.0" encoding="UTF-8" standalone="no"?>
<!DOCTYPE log SYSTEM "logger.dtd">
<log>
<record>
  <date>2022-06-01T12:35:14.558551800Z</date>
  <millis>1654086914558</millis>
  <nanos>551800</nanos>
  <sequence>1</sequence>
  <logger>Logs</logger>
  <level>INFO</level>
  <class>Run.Run</class>
  <method>main</method>
  <thread>1</thread>
  <message>Generating...</message>
</record>
<record>
  <date>2022-06-01T12:35:14.656145100Z</date>
  <millis>1654086914656</millis>
  <nanos>145100</nanos>
  <sequence>2</sequence>
  <logger>Logs</logger>
  <level>INFO</level>
  <class>Run.Run</class>
  <method>main</method>
  <thread>1</thread>
  <message>Generated!</message>
</record>
<record>
  <date>2022-06-01T12:35:14.745907200Z</date>
  <millis>1654086914745</millis>
  <nanos>907200</nanos>
  <sequence>3</sequence>
  <logger>Logs</logger>
  <level>INFO</level>
  <class>Run.Run</class>
  <method>main</method>
  <thread>1</thread>
  <message>Distribution has been written to C:\Users\workz\IdeaProjects\Java-2\src\res.csv</message>
</record>
<record>
  <date>2022-06-01T12:35:14.750894100Z</date>
  <millis>1654086914750</millis>
  <nanos>894100</nanos>
  <sequence>4</sequence>
  <logger>Logs</logger>
  <level>INFO</level>
  <class>Run.Run</class>
  <method>main</method>
  <thread>1</thread>
  <message>Program ended!</message>
</record>
</log>
